<?xml version="1.0" encoding="UTF-8"?>
<coverage generated="1585861134627" clover="3.2.0">
  <project timestamp="1585861134628" name="All files">
    <metrics statements="15" coveredstatements="15" conditionals="4" coveredconditionals="4" methods="12" coveredmethods="12" elements="31" coveredelements="31" complexity="0" loc="15" ncloc="15" packages="2" files="4" classes="4"/>
    <package name="components">
      <metrics statements="7" coveredstatements="7" conditionals="4" coveredconditionals="4" methods="7" coveredmethods="7"/>
      <file name="PokeAbilities.vue" path="/Users/sergiocastro/Desktop/vue test utils/pokemon/src/components/PokeAbilities.vue">
        <metrics statements="2" coveredstatements="2" conditionals="0" coveredconditionals="0" methods="2" coveredmethods="2"/>
        <line num="21" count="1" type="stmt"/>
        <line num="33" count="1" type="stmt"/>
      </file>
      <file name="PokeCard.vue" path="/Users/sergiocastro/Desktop/vue test utils/pokemon/src/components/PokeCard.vue">
        <metrics statements="3" coveredstatements="3" conditionals="4" coveredconditionals="4" methods="3" coveredmethods="3"/>
        <line num="31" count="2" type="cond" truecount="2" falsecount="0"/>
        <line num="33" count="9" type="stmt"/>
        <line num="39" count="2" type="cond" truecount="2" falsecount="0"/>
      </file>
      <file name="PokeInput.vue" path="/Users/sergiocastro/Desktop/vue test utils/pokemon/src/components/PokeInput.vue">
        <metrics statements="2" coveredstatements="2" conditionals="0" coveredconditionals="0" methods="2" coveredmethods="2"/>
        <line num="21" count="1" type="stmt"/>
        <line num="27" count="1" type="stmt"/>
      </file>
    </package>
    <package name="views">
      <metrics statements="8" coveredstatements="8" conditionals="0" coveredconditionals="0" methods="5" coveredmethods="5"/>
      <file name="Home.vue" path="/Users/sergiocastro/Desktop/vue test utils/pokemon/src/views/Home.vue">
        <metrics statements="8" coveredstatements="8" conditionals="0" coveredconditionals="0" methods="5" coveredmethods="5"/>
        <line num="24" count="1" type="stmt"/>
        <line num="25" count="1" type="stmt"/>
        <line num="26" count="1" type="stmt"/>
        <line num="36" count="1" type="stmt"/>
        <line num="40" count="2" type="stmt"/>
        <line num="45" count="1" type="stmt"/>
        <line num="48" count="1" type="stmt"/>
        <line num="51" count="2" type="stmt"/>
      </file>
    </package>
  </project>
</coverage>
