TN:
SF:/Users/sergiocastro/Desktop/vue test utils/pokemon/src/components/PokeAbilities.vue
FN:20,(anonymous_1)
FN:32,(anonymous_2)
FNF:2
FNH:2
FNDA:1,(anonymous_1)
FNDA:1,(anonymous_2)
DA:21,1
DA:33,1
LF:2
LH:2
BRF:0
BRH:0
end_of_record
TN:
SF:/Users/sergiocastro/Desktop/vue test utils/pokemon/src/components/PokeCard.vue
FN:30,(anonymous_1)
FN:33,(anonymous_2)
FN:38,(anonymous_4)
FNF:3
FNH:3
FNDA:2,(anonymous_1)
FNDA:7,(anonymous_2)
FNDA:2,(anonymous_4)
DA:31,2
DA:33,9
DA:39,2
LF:3
LH:3
BRDA:31,0,0,2
BRDA:31,0,1,1
BRDA:39,1,0,1
BRDA:39,1,1,1
BRF:4
BRH:4
end_of_record
TN:
SF:/Users/sergiocastro/Desktop/vue test utils/pokemon/src/components/PokeInput.vue
FN:20,(anonymous_1)
FN:26,(anonymous_2)
FNF:2
FNH:2
FNDA:1,(anonymous_1)
FNDA:1,(anonymous_2)
DA:21,1
DA:27,1
LF:2
LH:2
BRF:0
BRH:0
end_of_record
TN:
SF:/Users/sergiocastro/Desktop/vue test utils/pokemon/src/views/Home.vue
FN:35,(anonymous_1)
FN:39,(anonymous_2)
FN:44,(anonymous_3)
FN:47,(anonymous_4)
FN:50,(anonymous_5)
FNF:5
FNH:5
FNDA:1,(anonymous_1)
FNDA:2,(anonymous_2)
FNDA:1,(anonymous_3)
FNDA:1,(anonymous_4)
FNDA:2,(anonymous_5)
DA:24,1
DA:25,1
DA:26,1
DA:36,1
DA:40,2
DA:45,1
DA:48,1
DA:51,2
LF:8
LH:8
BRF:0
BRH:0
end_of_record
